# JRE version: OpenJDK Runtime Environment Temurin-21.0.10+7 (21.0.10+7) (build 21.0.10+7-LTS)
# Java VM: OpenJDK 64-Bit Server VM Temurin-21.0.10+7 (21.0.10+7-LTS, mixed mode, sharing, tiered, compressed oops, compressed class ptrs, parallel gc, windows-amd64)
GC Precious Log:
 CardTable entry size: 512
 CPUs: 16 total, 16 available
 Memory: 16004M
 Large Page Support: Disabled
 NUMA Support: Disabled
 Compressed Oops: Enabled (32-bit)
 Alignments: Space 512K, Generation 512K, Heap 2M
 Heap Min Capacity: 100M
 Heap Initial Capacity: 100M
 Heap Max Capacity: 2G
 Pre-touch: Disabled
 Parallel Workers: 13
Heap:
 PSYoungGen      total 2048K, used 1734K [0x00000000d5580000, 0x00000000d5900000, 0x0000000100000000)
  eden space 1536K, 85% used [0x00000000d5580000,0x00000000d56c98f0,0x00000000d5700000)
  from space 512K, 81% used [0x00000000d5780000,0x00000000d57e8000,0x00000000d5800000)
  to   space 1024K, 0% used [0x00000000d5800000,0x00000000d5800000,0x00000000d5900000)
 ParOldGen       total 904704K, used 904387K [0x0000000080000000, 0x00000000b7380000, 0x00000000d5580000)
  object space 904704K, 99% used [0x0000000080000000,0x00000000b7330e78,0x00000000b7380000)
 Metaspace       used 73665K, committed 75328K, reserved 1179648K
  class space    used 7746K, committed 8512K, reserved 1048576K
GC Heap History (20 events):
Event: 129.014 GC heap before
{Heap before GC invocations=2011 (full 3):
 PSYoungGen      total 3072K, used 2912K [0x00000000d5580000, 0x00000000d5a00000, 0x0000000100000000)
  eden space 2560K, 100% used [0x00000000d5580000,0x00000000d5800000,0x00000000d5800000)
  from space 512K, 68% used [0x00000000d5800000,0x00000000d5858000,0x00000000d5880000)
  to   space 512K, 0% used [0x00000000d5980000,0x00000000d5980000,0x00000000d5a00000)
 ParOldGen       total 896512K, used 896264K [0x0000000080000000, 0x00000000b6b80000, 0x00000000d5580000)
  object space 896512K, 99% used [0x0000000080000000,0x00000000b6b420c8,0x00000000b6b80000)
 Metaspace       used 73120K, committed 74688K, reserved 1179648K
  class space    used 7673K, committed 8384K, reserved 1048576K
}
Event: 129.017 GC heap after
{Heap after GC invocations=2011 (full 3):
 PSYoungGen      total 3072K, used 320K [0x00000000d5580000, 0x00000000d5a00000, 0x0000000100000000)
  eden space 2560K, 0% used [0x00000000d5580000,0x00000000d5580000,0x00000000d5800000)
  from space 512K, 62% used [0x00000000d5980000,0x00000000d59d0000,0x00000000d5a00000)
  to   space 512K, 0% used [0x00000000d5800000,0x00000000d5800000,0x00000000d5880000)
 ParOldGen       total 896512K, used 896312K [0x0000000080000000, 0x00000000b6b80000, 0x00000000d5580000)
  object space 896512K, 99% used [0x0000000080000000,0x00000000b6b4e0c8,0x00000000b6b80000)
 Metaspace       used 73120K, committed 74688K, reserved 1179648K
  class space    used 7673K, committed 8384K, reserved 1048576K
}
Event: 150.213 GC heap before
{Heap before GC invocations=2012 (full 3):
 PSYoungGen      total 3072K, used 2879K [0x00000000d5580000, 0x00000000d5a00000, 0x0000000100000000)
  eden space 2560K, 99% used [0x00000000d5580000,0x00000000d57ffff8,0x00000000d5800000)
  from space 512K, 62% used [0x00000000d5980000,0x00000000d59d0000,0x00000000d5a00000)
  to   space 512K, 0% used [0x00000000d5800000,0x00000000d5800000,0x00000000d5880000)
 ParOldGen       total 896512K, used 896312K [0x0000000080000000, 0x00000000b6b80000, 0x00000000d5580000)
  object space 896512K, 99% used [0x0000000080000000,0x00000000b6b4e0c8,0x00000000b6b80000)
 Metaspace       used 73182K, committed 74816K, reserved 1179648K
  class space    used 7680K, committed 8448K, reserved 1048576K
}
Event: 150.218 GC heap after
{Heap after GC invocations=2012 (full 3):
 PSYoungGen      total 3072K, used 352K [0x00000000d5580000, 0x00000000d5a00000, 0x0000000100000000)
  eden space 2560K, 0% used [0x00000000d5580000,0x00000000d5580000,0x00000000d5800000)
  from space 512K, 68% used [0x00000000d5800000,0x00000000d5858000,0x00000000d5880000)
  to   space 512K, 0% used [0x00000000d5980000,0x00000000d5980000,0x00000000d5a00000)
 ParOldGen       total 897024K, used 896520K [0x0000000080000000, 0x00000000b6c00000, 0x00000000d5580000)
  object space 897024K, 99% used [0x0000000080000000,0x00000000b6b820c8,0x00000000b6c00000)
 Metaspace       used 73182K, committed 74816K, reserved 1179648K
  class space    used 7680K, committed 8448K, reserved 1048576K
}
Event: 154.331 GC heap before
{Heap before GC invocations=2013 (full 3):
 PSYoungGen      total 3072K, used 2886K [0x00000000d5580000, 0x00000000d5a00000, 0x0000000100000000)
  eden space 2560K, 99% used [0x00000000d5580000,0x00000000d57f9a80,0x00000000d5800000)
  from space 512K, 68% used [0x00000000d5800000,0x00000000d5858000,0x00000000d5880000)
  to   space 512K, 0% used [0x00000000d5980000,0x00000000d5980000,0x00000000d5a00000)
 ParOldGen       total 897024K, used 896520K [0x0000000080000000, 0x00000000b6c00000, 0x00000000d5580000)
  object space 897024K, 99% used [0x0000000080000000,0x00000000b6b820c8,0x00000000b6c00000)
 Metaspace       used 73514K, committed 75136K, reserved 1179648K
  class space    used 7715K, committed 8448K, reserved 1048576K
}
Event: 154.339 GC heap after
{Heap after GC invocations=2013 (full 3):
 PSYoungGen      total 3072K, used 442K [0x00000000d5580000, 0x00000000d5a00000, 0x0000000100000000)
  eden space 2560K, 0% used [0x00000000d5580000,0x00000000d5580000,0x00000000d5800000)
  from space 512K, 86% used [0x00000000d5980000,0x00000000d59ee920,0x00000000d5a00000)
  to   space 512K, 0% used [0x00000000d5800000,0x00000000d5800000,0x00000000d5880000)
 ParOldGen       total 897024K, used 896616K [0x0000000080000000, 0x00000000b6c00000, 0x00000000d5580000)
  object space 897024K, 99% used [0x0000000080000000,0x00000000b6b9a0c8,0x00000000b6c00000)
 Metaspace       used 73514K, committed 75136K, reserved 1179648K
  class space    used 7715K, committed 8448K, reserved 1048576K
}
Event: 154.372 GC heap before
{Heap before GC invocations=2014 (full 3):
 PSYoungGen      total 3072K, used 2930K [0x00000000d5580000, 0x00000000d5a00000, 0x0000000100000000)
  eden space 2560K, 97% used [0x00000000d5580000,0x00000000d57ee1b8,0x00000000d5800000)
  from space 512K, 86% used [0x00000000d5980000,0x00000000d59ee920,0x00000000d5a00000)
  to   space 512K, 0% used [0x00000000d5800000,0x00000000d5800000,0x00000000d5880000)
 ParOldGen       total 897024K, used 896616K [0x0000000080000000, 0x00000000b6c00000, 0x00000000d5580000)
  object space 897024K, 99% used [0x0000000080000000,0x00000000b6b9a0c8,0x00000000b6c00000)
 Metaspace       used 73519K, committed 75136K, reserved 1179648K
  class space    used 7717K, committed 8448K, reserved 1048576K
}
Event: 154.375 GC heap after
{Heap after GC invocations=2014 (full 3):
 PSYoungGen      total 3072K, used 496K [0x00000000d5580000, 0x00000000d5b00000, 0x0000000100000000)
  eden space 2560K, 0% used [0x00000000d5580000,0x00000000d5580000,0x00000000d5800000)
  from space 512K, 97% used [0x00000000d5800000,0x00000000d587c3d0,0x00000000d5880000)
  to   space 1536K, 0% used [0x00000000d5980000,0x00000000d5980000,0x00000000d5b00000)
 ParOldGen       total 897536K, used 897153K [0x0000000080000000, 0x00000000b6c80000, 0x00000000d5580000)
  object space 897536K, 99% used [0x0000000080000000,0x00000000b6c20490,0x00000000b6c80000)
 Metaspace       used 73519K, committed 75136K, reserved 1179648K
  class space    used 7717K, committed 8448K, reserved 1048576K
}
Event: 154.394 GC heap before
{Heap before GC invocations=2015 (full 3):
 PSYoungGen      total 3072K, used 3056K [0x00000000d5580000, 0x00000000d5b00000, 0x0000000100000000)
  eden space 2560K, 100% used [0x00000000d5580000,0x00000000d5800000,0x00000000d5800000)
  from space 512K, 97% used [0x00000000d5800000,0x00000000d587c3d0,0x00000000d5880000)
  to   space 1536K, 0% used [0x00000000d5980000,0x00000000d5980000,0x00000000d5b00000)
 ParOldGen       total 897536K, used 897153K [0x0000000080000000, 0x00000000b6c80000, 0x00000000d5580000)
  object space 897536K, 99% used [0x0000000080000000,0x00000000b6c20490,0x00000000b6c80000)
 Metaspace       used 73519K, committed 75136K, reserved 1179648K
  class space    used 7717K, committed 8448K, reserved 1048576K
}
Event: 154.397 GC heap after
{Heap after GC invocations=2015 (full 3):
 PSYoungGen      total 3584K, used 1449K [0x00000000d5580000, 0x00000000d5c00000, 0x0000000100000000)
  eden space 2048K, 0% used [0x00000000d5580000,0x00000000d5580000,0x00000000d5780000)
  from space 1536K, 94% used [0x00000000d5980000,0x00000000d5aea720,0x00000000d5b00000)
  to   space 2048K, 0% used [0x00000000d5780000,0x00000000d5780000,0x00000000d5980000)
 ParOldGen       total 899072K, used 898569K [0x0000000080000000, 0x00000000b6e00000, 0x00000000d5580000)
  object space 899072K, 99% used [0x0000000080000000,0x00000000b6d82640,0x00000000b6e00000)
 Metaspace       used 73519K, committed 75136K, reserved 1179648K
  class space    used 7717K, committed 8448K, reserved 1048576K
}
Event: 154.419 GC heap before
{Heap before GC invocations=2016 (full 3):
 PSYoungGen      total 3584K, used 3138K [0x00000000d5580000, 0x00000000d5c00000, 0x0000000100000000)
  eden space 2048K, 82% used [0x00000000d5580000,0x00000000d57260e8,0x00000000d5780000)
  from space 1536K, 94% used [0x00000000d5980000,0x00000000d5aea720,0x00000000d5b00000)
  to   space 2048K, 0% used [0x00000000d5780000,0x00000000d5780000,0x00000000d5980000)
 ParOldGen       total 899072K, used 898569K [0x0000000080000000, 0x00000000b6e00000, 0x00000000d5580000)
  object space 899072K, 99% used [0x0000000080000000,0x00000000b6d82640,0x00000000b6e00000)
 Metaspace       used 73519K, committed 75136K, reserved 1179648K
  class space    used 7717K, committed 8448K, reserved 1048576K
}
Event: 154.423 GC heap after
{Heap after GC invocations=2016 (full 3):
 PSYoungGen      total 4096K, used 1618K [0x00000000d5580000, 0x00000000d5b80000, 0x0000000100000000)
  eden space 2048K, 0% used [0x00000000d5580000,0x00000000d5580000,0x00000000d5780000)
  from space 2048K, 79% used [0x00000000d5780000,0x00000000d5914b20,0x00000000d5980000)
  to   space 2048K, 0% used [0x00000000d5980000,0x00000000d5980000,0x00000000d5b80000)
 ParOldGen       total 900096K, used 899832K [0x0000000080000000, 0x00000000b6f00000, 0x00000000d5580000)
  object space 900096K, 99% used [0x0000000080000000,0x00000000b6ebe300,0x00000000b6f00000)
 Metaspace       used 73519K, committed 75136K, reserved 1179648K
  class space    used 7717K, committed 8448K, reserved 1048576K
}
Event: 154.449 GC heap before
{Heap before GC invocations=2017 (full 3):
 PSYoungGen      total 4096K, used 3666K [0x00000000d5580000, 0x00000000d5b80000, 0x0000000100000000)
  eden space 2048K, 100% used [0x00000000d5580000,0x00000000d5780000,0x00000000d5780000)
  from space 2048K, 79% used [0x00000000d5780000,0x00000000d5914b20,0x00000000d5980000)
  to   space 2048K, 0% used [0x00000000d5980000,0x00000000d5980000,0x00000000d5b80000)
 ParOldGen       total 900096K, used 899832K [0x0000000080000000, 0x00000000b6f00000, 0x00000000d5580000)
  object space 900096K, 99% used [0x0000000080000000,0x00000000b6ebe300,0x00000000b6f00000)
 Metaspace       used 73519K, committed 75136K, reserved 1179648K
  class space    used 7717K, committed 8448K, reserved 1048576K
}
Event: 154.453 GC heap after
{Heap after GC invocations=2017 (full 3):
 PSYoungGen      total 3584K, used 2035K [0x00000000d5580000, 0x00000000d5c80000, 0x0000000100000000)
  eden space 1536K, 0% used [0x00000000d5580000,0x00000000d5580000,0x00000000d5700000)
  from space 2048K, 99% used [0x00000000d5980000,0x00000000d5b7cd58,0x00000000d5b80000)
  to   space 2560K, 0% used [0x00000000d5700000,0x00000000d5700000,0x00000000d5980000)
 ParOldGen       total 901632K, used 901216K [0x0000000080000000, 0x00000000b7080000, 0x00000000d5580000)
  object space 901632K, 99% used [0x0000000080000000,0x00000000b7018260,0x00000000b7080000)
 Metaspace       used 73519K, committed 75136K, reserved 1179648K
  class space    used 7717K, committed 8448K, reserved 1048576K
}
Event: 154.491 GC heap before
{Heap before GC invocations=2018 (full 3):
 PSYoungGen      total 3584K, used 3571K [0x00000000d5580000, 0x00000000d5c80000, 0x0000000100000000)
  eden space 1536K, 100% used [0x00000000d5580000,0x00000000d5700000,0x00000000d5700000)
  from space 2048K, 99% used [0x00000000d5980000,0x00000000d5b7cd58,0x00000000d5b80000)
  to   space 2560K, 0% used [0x00000000d5700000,0x00000000d5700000,0x00000000d5980000)
 ParOldGen       total 901632K, used 901216K [0x0000000080000000, 0x00000000b7080000, 0x00000000d5580000)
  object space 901632K, 99% used [0x0000000080000000,0x00000000b7018260,0x00000000b7080000)
 Metaspace       used 73589K, committed 75264K, reserved 1179648K
  class space    used 7737K, committed 8512K, reserved 1048576K
}
Event: 154.496 GC heap after
{Heap after GC invocations=2018 (full 3):
 PSYoungGen      total 3072K, used 1075K [0x00000000d5580000, 0x00000000d5a00000, 0x0000000100000000)
  eden space 1536K, 0% used [0x00000000d5580000,0x00000000d5580000,0x00000000d5700000)
  from space 1536K, 70% used [0x00000000d5700000,0x00000000d580ceb0,0x00000000d5880000)
  to   space 1536K, 0% used [0x00000000d5880000,0x00000000d5880000,0x00000000d5a00000)
 ParOldGen       total 903680K, used 903012K [0x0000000080000000, 0x00000000b7280000, 0x00000000d5580000)
  object space 903680K, 99% used [0x0000000080000000,0x00000000b71d9208,0x00000000b7280000)
 Metaspace       used 73589K, committed 75264K, reserved 1179648K
  class space    used 7737K, committed 8512K, reserved 1048576K
}
Event: 154.532 GC heap before
{Heap before GC invocations=2019 (full 3):
 PSYoungGen      total 3072K, used 2608K [0x00000000d5580000, 0x00000000d5a00000, 0x0000000100000000)
  eden space 1536K, 99% used [0x00000000d5580000,0x00000000d56ff270,0x00000000d5700000)
  from space 1536K, 70% used [0x00000000d5700000,0x00000000d580ceb0,0x00000000d5880000)
  to   space 1536K, 0% used [0x00000000d5880000,0x00000000d5880000,0x00000000d5a00000)
 ParOldGen       total 903680K, used 903012K [0x0000000080000000, 0x00000000b7280000, 0x00000000d5580000)
  object space 903680K, 99% used [0x0000000080000000,0x00000000b71d9208,0x00000000b7280000)
 Metaspace       used 73590K, committed 75264K, reserved 1179648K
  class space    used 7737K, committed 8512K, reserved 1048576K
}
Event: 154.536 GC heap after
{Heap after GC invocations=2019 (full 3):
 PSYoungGen      total 2560K, used 758K [0x00000000d5580000, 0x00000000d5980000, 0x0000000100000000)
  eden space 1536K, 0% used [0x00000000d5580000,0x00000000d5580000,0x00000000d5700000)
  from space 1024K, 74% used [0x00000000d5880000,0x00000000d593d908,0x00000000d5980000)
  to   space 1024K, 0% used [0x00000000d5780000,0x00000000d5780000,0x00000000d5880000)
 ParOldGen       total 904192K, used 903907K [0x0000000080000000, 0x00000000b7300000, 0x00000000d5580000)
  object space 904192K, 99% used [0x0000000080000000,0x00000000b72b8e78,0x00000000b7300000)
 Metaspace       used 73590K, committed 75264K, reserved 1179648K
  class space    used 7737K, committed 8512K, reserved 1048576K
}
Event: 360.247 GC heap before
{Heap before GC invocations=2020 (full 3):
 PSYoungGen      total 2560K, used 2294K [0x00000000d5580000, 0x00000000d5980000, 0x0000000100000000)
  eden space 1536K, 100% used [0x00000000d5580000,0x00000000d5700000,0x00000000d5700000)
  from space 1024K, 74% used [0x00000000d5880000,0x00000000d593d908,0x00000000d5980000)
  to   space 1024K, 0% used [0x00000000d5780000,0x00000000d5780000,0x00000000d5880000)
 ParOldGen       total 904192K, used 903907K [0x0000000080000000, 0x00000000b7300000, 0x00000000d5580000)
  object space 904192K, 99% used [0x0000000080000000,0x00000000b72b8e78,0x00000000b7300000)
 Metaspace       used 73634K, committed 75328K, reserved 1179648K
  class space    used 7744K, committed 8512K, reserved 1048576K
}
Event: 360.251 GC heap after
{Heap after GC invocations=2020 (full 3):
 PSYoungGen      total 2048K, used 416K [0x00000000d5580000, 0x00000000d5900000, 0x0000000100000000)
  eden space 1536K, 0% used [0x00000000d5580000,0x00000000d5580000,0x00000000d5700000)
  from space 512K, 81% used [0x00000000d5780000,0x00000000d57e8000,0x00000000d5800000)
  to   space 1024K, 0% used [0x00000000d5800000,0x00000000d5800000,0x00000000d5900000)
 ParOldGen       total 904704K, used 904387K [0x0000000080000000, 0x00000000b7380000, 0x00000000d5580000)
  object space 904704K, 99% used [0x0000000080000000,0x00000000b7330e78,0x00000000b7380000)
 Metaspace       used 73634K, committed 75328K, reserved 1179648K
  class space    used 7744K, committed 8512K, reserved 1048576K
}

